2026-01-13 13:52:32,005 - database - INFO - Database initialized at lego_bot.db
2026-01-13 13:52:32,006 - __main__ - INFO - Starting Discord bot...
2026-01-13 13:52:32,006 - discord.client - INFO - logging in using static token
2026-01-13 13:52:32,474 - bot - INFO - Bot setup complete
2026-01-13 13:52:32,851 - discord.gateway - INFO - Shard ID None has connected to Gateway (Session ID: eff1d65c4d9b45cb24c77ad6ec0d109f).
2026-01-13 13:52:34,854 - bot - INFO - LegoBot#6975 has logged in
2026-01-13 13:52:36,753 - bot - INFO - Synced 4 command(s)
2026-01-13 13:52:36,755 - monitor - INFO - Monitor started (checking every 5.0 minutes)
2026-01-13 13:54:01,615 - lego_checker - ERROR - Network error checking 10312: 403 Client Error: Forbidden for url: https://www.lego.com/en-us/product/lego-set-10312
2026-01-13 13:54:01,615 - lego_checker - INFO - Direct URL failed for 10312, trying search...
2026-01-13 13:54:03,586 - lego_checker - ERROR - Error searching for set 10312: 403 Client Error: Forbidden for url: https://www.lego.com/en-us/search?q=10312
2026-01-13 14:10:00,023 - __main__ - INFO - Cleaning up...
2026-01-13 14:10:00,024 - monitor - INFO - Monitor stopped
2026-01-13 14:10:00,024 - __main__ - INFO - Bot shut down complete
2026-01-13 14:10:00,025 - __main__ - INFO - Bot stopped by user
2026-01-13 14:10:05,404 - database - INFO - Database initialized at lego_bot.db
2026-01-13 14:10:05,404 - __main__ - INFO - Starting Discord bot...
2026-01-13 14:10:05,404 - discord.client - INFO - logging in using static token
2026-01-13 14:10:05,876 - bot - INFO - Bot setup complete
2026-01-13 14:10:06,725 - discord.gateway - INFO - Shard ID None has connected to Gateway (Session ID: 48267427c97859d548fb3828e500ae14).
2026-01-13 14:10:08,726 - bot - INFO - LegoBot#6975 has logged in
2026-01-13 14:10:09,009 - bot - INFO - Synced 4 command(s)
2026-01-13 14:10:09,009 - monitor - INFO - Monitor started (checking every 5.0 minutes)
2026-01-13 14:10:20,771 - lego_checker - WARNING - 403 Forbidden for https://www.lego.com/en-us/product/10312, trying with different approach...
2026-01-13 14:10:21,269 - lego_checker - ERROR - Network error checking 10312: 403 Client Error: Forbidden for url: https://www.lego.com/en-us/product/10312
2026-01-13 14:10:22,780 - lego_checker - WARNING - 403 Forbidden for https://www.lego.com/en-us/product/lego-set-10312, trying with different approach...
2026-01-13 14:10:23,302 - lego_checker - ERROR - Network error checking 10312: 403 Client Error: Forbidden for url: https://www.lego.com/en-us/product/lego-set-10312
2026-01-13 14:10:24,795 - lego_checker - WARNING - 403 Forbidden for https://www.lego.com/product/10312, trying with different approach...
2026-01-13 14:10:25,287 - lego_checker - ERROR - Network error checking 10312: 403 Client Error: Forbidden for url: https://www.lego.com/product/10312
2026-01-13 14:10:25,288 - lego_checker - INFO - All direct URLs failed for 10312, trying search...
2026-01-13 14:10:26,781 - lego_checker - ERROR - Error searching for set 10312: 403 Client Error: Forbidden for url: https://www.lego.com/en-us/search?q=10312
2026-01-13 14:13:56,175 - __main__ - INFO - Cleaning up...
2026-01-13 14:13:56,175 - monitor - INFO - Monitor stopped
2026-01-13 14:13:56,175 - __main__ - INFO - Bot shut down complete
2026-01-13 14:13:56,177 - __main__ - INFO - Bot stopped by user
2026-01-13 14:14:12,554 - database - INFO - Database initialized at lego_bot.db
2026-01-13 14:14:12,554 - __main__ - INFO - Starting Discord bot...
2026-01-13 14:14:12,554 - discord.client - INFO - logging in using static token
2026-01-13 14:14:13,127 - bot - INFO - Bot setup complete
2026-01-13 14:14:13,409 - discord.gateway - INFO - Shard ID None has connected to Gateway (Session ID: 87d9fc9af84b3d111cd30df14f155faa).
2026-01-13 14:14:15,423 - bot - INFO - LegoBot#6975 has logged in
2026-01-13 14:14:15,694 - bot - INFO - Synced 4 command(s)
2026-01-13 14:14:15,694 - monitor - INFO - Monitor started (checking every 5.0 minutes)
2026-01-13 14:20:12,907 - __main__ - INFO - Cleaning up...
2026-01-13 14:20:12,908 - monitor - INFO - Monitor stopped
2026-01-13 14:20:12,908 - __main__ - INFO - Bot shut down complete
2026-01-13 14:20:12,909 - __main__ - INFO - Bot stopped by user
2026-01-13 14:20:15,419 - database - INFO - Database initialized at lego_bot.db
2026-01-13 14:20:15,419 - __main__ - INFO - Starting Discord bot...
2026-01-13 14:20:15,419 - discord.client - INFO - logging in using static token
2026-01-13 14:20:15,818 - bot - INFO - Bot setup complete
2026-01-13 14:20:16,297 - discord.gateway - INFO - Shard ID None has connected to Gateway (Session ID: 4dc80a77063d1c8f6c90e577d2a61681).
2026-01-13 14:20:18,306 - bot - INFO - LegoBot#6975 has logged in
2026-01-13 14:20:18,615 - bot - INFO - Synced 4 command(s)
2026-01-13 14:20:18,615 - monitor - INFO - Monitor started (checking every 5.0 minutes)
2026-01-13 14:22:54,314 - __main__ - INFO - Cleaning up...
2026-01-13 14:22:54,314 - monitor - INFO - Monitor stopped
2026-01-13 14:22:54,315 - __main__ - INFO - Bot shut down complete
2026-01-13 14:22:54,316 - __main__ - INFO - Bot stopped by user
2026-01-13 14:22:58,214 - database - INFO - Database initialized at lego_bot.db
2026-01-13 14:22:58,214 - __main__ - INFO - Starting Discord bot...
2026-01-13 14:22:58,214 - discord.client - INFO - logging in using static token
2026-01-13 14:22:59,337 - bot - INFO - Bot setup complete
2026-01-13 14:22:59,662 - discord.gateway - INFO - Shard ID None has connected to Gateway (Session ID: 7593e8909960cce60efd4515f47363ec).
2026-01-13 14:23:01,665 - bot - INFO - LegoBot#6975 has logged in
2026-01-13 14:23:01,972 - bot - INFO - Synced 4 command(s)
2026-01-13 14:23:01,973 - monitor - INFO - Monitor started (checking every 5.0 minutes)
2026-01-13 14:26:26,690 - __main__ - INFO - Cleaning up...
2026-01-13 14:26:26,690 - monitor - INFO - Monitor stopped
2026-01-13 14:26:26,691 - __main__ - INFO - Bot shut down complete
2026-01-13 14:26:26,692 - __main__ - INFO - Bot stopped by user
2026-01-13 14:26:30,214 - database - INFO - Database initialized at lego_bot.db
2026-01-13 14:26:30,214 - __main__ - INFO - Starting Discord bot...
2026-01-13 14:26:30,214 - discord.client - INFO - logging in using static token
2026-01-13 14:26:30,645 - bot - INFO - Bot setup complete
2026-01-13 14:26:31,013 - discord.gateway - INFO - Shard ID None has connected to Gateway (Session ID: d999ff1826a66807eafeef696c4f3601).
2026-01-13 14:26:33,025 - bot - INFO - LegoBot#6975 has logged in
2026-01-13 14:26:33,262 - bot - INFO - Synced 4 command(s)
2026-01-13 14:26:33,262 - monitor - INFO - Monitor started (checking every 5.0 minutes)
2026-01-13 14:33:52,578 - __main__ - INFO - Cleaning up...
2026-01-13 14:33:52,579 - monitor - INFO - Monitor stopped
2026-01-13 14:33:52,580 - __main__ - INFO - Bot shut down complete
2026-01-13 14:33:52,580 - __main__ - INFO - Bot stopped by user
2026-01-13 14:33:56,240 - database - INFO - Database initialized at lego_bot.db
2026-01-13 14:33:56,240 - __main__ - INFO - Starting Discord bot...
2026-01-13 14:33:56,240 - discord.client - INFO - logging in using static token
2026-01-13 14:33:56,635 - bot - INFO - Bot setup complete
2026-01-13 14:33:56,965 - discord.gateway - INFO - Shard ID None has connected to Gateway (Session ID: 1b1d7766f572290c635e3425f5ea284e).
2026-01-13 14:33:58,975 - bot - INFO - LegoBot#6975 has logged in
2026-01-13 14:33:59,326 - bot - INFO - Synced 4 command(s)
2026-01-13 14:33:59,326 - monitor - INFO - Monitor started (checking every 5.0 minutes)
2026-01-13 14:36:55,872 - __main__ - INFO - Cleaning up...
2026-01-13 14:36:55,872 - monitor - INFO - Monitor stopped
2026-01-13 14:36:55,872 - __main__ - INFO - Bot shut down complete
2026-01-13 14:36:55,874 - __main__ - INFO - Bot stopped by user
2026-01-13 14:36:59,040 - database - INFO - Database initialized at lego_bot.db
2026-01-13 14:36:59,040 - __main__ - INFO - Starting Discord bot...
2026-01-13 14:36:59,040 - discord.client - INFO - logging in using static token
2026-01-13 14:36:59,423 - bot - INFO - Bot setup complete
2026-01-13 14:37:00,162 - discord.gateway - INFO - Shard ID None has connected to Gateway (Session ID: bf53f5e0ab45e775426b8eebe791d699).
2026-01-13 14:37:02,166 - bot - INFO - LegoBot#6975 has logged in
2026-01-13 14:37:02,540 - bot - INFO - Synced 4 command(s)
2026-01-13 14:37:02,541 - monitor - INFO - Monitor started (checking every 5.0 minutes)
2026-01-13 14:37:07,431 - lego_checker - INFO - Container: <div class="ProductActions_buttonsWrapper__u1D_5"><div class="ProductActions_addToBagButtonWrapper__mNnAs"><div data-test="add-to-bag-sticky-container"><button aria-busy="false" aria-disabled="false" aria-label="Pre-order" aria-live="polite" class="-_VRTG_button default-focus-ring -_VRTG_responsiveIconSize -_VRTG_icon-left -_VRTG_fullWidth -_VRTG_emphasis -_VRTG_primary -_VRTG_large component-large ds-label-lg-medium" data-skroll="Button" data-test="add-to-cart-skroll-cta" style="--icon:url(https://assets.lego.com/icons/v7.7.0/shopping-bag.svg)" type="button">Pre-order</button></div></div><div><button aria-busy="false" aria-disabled="false" aria-label="Add to Wishlist" aria-live="polite" class="-_VRTG_button default-focus-ring -_VRTG_responsiveIconSize -_VRTG_icon-only -_VRTG_customColor -_VRTG_primary -_VRTG_large component-large ds-label-lg-medium" data-skroll="Button" data-test="wishlist-skroll-icon-button" style="--_custom-color:var(--ds-color-action-neutral-enabled);--_text-on-custom:var(--ds-color-neutral-black);--icon:url(https://assets.lego.com/icons/v7.7.0/heart.svg)" type="button"></button></div></div>
2026-01-13 14:37:07,431 - lego_checker - INFO - Container buttons: [<button aria-busy="false" aria-disabled="false" aria-label="Pre-order" aria-live="polite" class="-_VRTG_button default-focus-ring -_VRTG_responsiveIconSize -_VRTG_icon-left -_VRTG_fullWidth -_VRTG_emphasis -_VRTG_primary -_VRTG_large component-large ds-label-lg-medium" data-skroll="Button" data-test="add-to-cart-skroll-cta" style="--icon:url(https://assets.lego.com/icons/v7.7.0/shopping-bag.svg)" type="button">Pre-order</button>, <button aria-busy="false" aria-disabled="false" aria-label="Add to Wishlist" aria-live="polite" class="-_VRTG_button default-focus-ring -_VRTG_responsiveIconSize -_VRTG_icon-only -_VRTG_customColor -_VRTG_primary -_VRTG_large component-large ds-label-lg-medium" data-skroll="Button" data-test="wishlist-skroll-icon-button" style="--_custom-color:var(--ds-color-action-neutral-enabled);--_text-on-custom:var(--ds-color-neutral-black);--icon:url(https://assets.lego.com/icons/v7.7.0/heart.svg)" type="button"></button>]
2026-01-13 14:37:07,432 - lego_checker - INFO - Container: <div class="ProductActions_addToBagButtonWrapper__mNnAs"><div data-test="add-to-bag-sticky-container"><button aria-busy="false" aria-disabled="false" aria-label="Pre-order" aria-live="polite" class="-_VRTG_button default-focus-ring -_VRTG_responsiveIconSize -_VRTG_icon-left -_VRTG_fullWidth -_VRTG_emphasis -_VRTG_primary -_VRTG_large component-large ds-label-lg-medium" data-skroll="Button" data-test="add-to-cart-skroll-cta" style="--icon:url(https://assets.lego.com/icons/v7.7.0/shopping-bag.svg)" type="button">Pre-order</button></div></div>
2026-01-13 14:37:07,432 - lego_checker - INFO - Container buttons: [<button aria-busy="false" aria-disabled="false" aria-label="Pre-order" aria-live="polite" class="-_VRTG_button default-focus-ring -_VRTG_responsiveIconSize -_VRTG_icon-left -_VRTG_fullWidth -_VRTG_emphasis -_VRTG_primary -_VRTG_large component-large ds-label-lg-medium" data-skroll="Button" data-test="add-to-cart-skroll-cta" style="--icon:url(https://assets.lego.com/icons/v7.7.0/shopping-bag.svg)" type="button">Pre-order</button>]
2026-01-13 14:37:07,432 - lego_checker - INFO - Container: <div class="ProductActions_messageWrapper__NGiCz"></div>
2026-01-13 14:37:07,432 - lego_checker - INFO - Container buttons: []
2026-01-13 14:37:07,432 - lego_checker - INFO - Container: <div class="ProductActions_productAccessoryActionsContainer__pYBSa"></div>
2026-01-13 14:37:07,433 - lego_checker - INFO - Container buttons: []
2026-01-13 14:39:46,415 - __main__ - INFO - Cleaning up...
2026-01-13 14:39:46,415 - monitor - INFO - Monitor stopped
2026-01-13 14:39:46,416 - __main__ - INFO - Bot shut down complete
2026-01-13 14:39:46,416 - __main__ - INFO - Bot stopped by user
2026-01-13 14:39:50,836 - database - INFO - Database initialized at lego_bot.db
2026-01-13 14:39:50,836 - __main__ - INFO - Starting Discord bot...
2026-01-13 14:39:50,836 - discord.client - INFO - logging in using static token
2026-01-13 14:39:51,193 - bot - INFO - Bot setup complete
2026-01-13 14:39:51,495 - discord.gateway - INFO - Shard ID None has connected to Gateway (Session ID: 892ad5cafe72ffbe78f9837ce4b05ba7).
2026-01-13 14:39:53,496 - bot - INFO - LegoBot#6975 has logged in
2026-01-13 14:39:53,853 - bot - INFO - Synced 4 command(s)
2026-01-13 14:39:53,853 - monitor - INFO - Monitor started (checking every 5.0 minutes)
2026-01-13 14:39:59,066 - lego_checker - INFO - Container: <div class="ProductActions_buttonsWrapper__u1D_5"><div class="ProductActions_addToBagButtonWrapper__mNnAs"><div data-test="add-to-bag-sticky-container"><button aria-busy="false" aria-disabled="false" aria-label="Pre-order" aria-live="polite" class="-_VRTG_button default-focus-ring -_VRTG_responsiveIconSize -_VRTG_icon-left -_VRTG_fullWidth -_VRTG_emphasis -_VRTG_primary -_VRTG_large component-large ds-label-lg-medium" data-skroll="Button" data-test="add-to-cart-skroll-cta" style="--icon:url(https://assets.lego.com/icons/v7.7.0/shopping-bag.svg)" type="button">Pre-order</button></div></div><div><button aria-busy="false" aria-disabled="false" aria-label="Add to Wishlist" aria-live="polite" class="-_VRTG_button default-focus-ring -_VRTG_responsiveIconSize -_VRTG_icon-only -_VRTG_customColor -_VRTG_primary -_VRTG_large component-large ds-label-lg-medium" data-skroll="Button" data-test="wishlist-skroll-icon-button" style="--_custom-color:var(--ds-color-action-neutral-enabled);--_text-on-custom:var(--ds-color-neutral-black);--icon:url(https://assets.lego.com/icons/v7.7.0/heart.svg)" type="button"></button></div></div>
2026-01-13 14:39:59,066 - lego_checker - INFO - Container buttons: [<button aria-busy="false" aria-disabled="false" aria-label="Pre-order" aria-live="polite" class="-_VRTG_button default-focus-ring -_VRTG_responsiveIconSize -_VRTG_icon-left -_VRTG_fullWidth -_VRTG_emphasis -_VRTG_primary -_VRTG_large component-large ds-label-lg-medium" data-skroll="Button" data-test="add-to-cart-skroll-cta" style="--icon:url(https://assets.lego.com/icons/v7.7.0/shopping-bag.svg)" type="button">Pre-order</button>, <button aria-busy="false" aria-disabled="false" aria-label="Add to Wishlist" aria-live="polite" class="-_VRTG_button default-focus-ring -_VRTG_responsiveIconSize -_VRTG_icon-only -_VRTG_customColor -_VRTG_primary -_VRTG_large component-large ds-label-lg-medium" data-skroll="Button" data-test="wishlist-skroll-icon-button" style="--_custom-color:var(--ds-color-action-neutral-enabled);--_text-on-custom:var(--ds-color-neutral-black);--icon:url(https://assets.lego.com/icons/v7.7.0/heart.svg)" type="button"></button>]
2026-01-13 14:39:59,066 - lego_checker - INFO - Container: <div class="ProductActions_addToBagButtonWrapper__mNnAs"><div data-test="add-to-bag-sticky-container"><button aria-busy="false" aria-disabled="false" aria-label="Pre-order" aria-live="polite" class="-_VRTG_button default-focus-ring -_VRTG_responsiveIconSize -_VRTG_icon-left -_VRTG_fullWidth -_VRTG_emphasis -_VRTG_primary -_VRTG_large component-large ds-label-lg-medium" data-skroll="Button" data-test="add-to-cart-skroll-cta" style="--icon:url(https://assets.lego.com/icons/v7.7.0/shopping-bag.svg)" type="button">Pre-order</button></div></div>
2026-01-13 14:39:59,066 - lego_checker - INFO - Container buttons: [<button aria-busy="false" aria-disabled="false" aria-label="Pre-order" aria-live="polite" class="-_VRTG_button default-focus-ring -_VRTG_responsiveIconSize -_VRTG_icon-left -_VRTG_fullWidth -_VRTG_emphasis -_VRTG_primary -_VRTG_large component-large ds-label-lg-medium" data-skroll="Button" data-test="add-to-cart-skroll-cta" style="--icon:url(https://assets.lego.com/icons/v7.7.0/shopping-bag.svg)" type="button">Pre-order</button>]
2026-01-13 14:39:59,066 - lego_checker - INFO - Container: <div class="ProductActions_messageWrapper__NGiCz"></div>
2026-01-13 14:39:59,066 - lego_checker - INFO - Container buttons: []
2026-01-13 14:39:59,066 - lego_checker - INFO - Container: <div class="ProductActions_productAccessoryActionsContainer__pYBSa"></div>
2026-01-13 14:39:59,067 - lego_checker - INFO - Container buttons: []
2026-01-13 14:39:59,072 - lego_checker - INFO - Total unique buttons found: 107
2026-01-13 14:39:59,072 - lego_checker - INFO - Relevant button found - aria: 'Pre-order', data-test: 'add-to-cart-skroll-cta', text: 'Pre-order'
2026-01-13 14:39:59,072 - lego_checker - INFO - Relevant button found - aria: 'Pre-order', data-test: 'add-to-cart-skroll-cta', text: 'Pre-order'
2026-01-13 14:39:59,073 - lego_checker - INFO - Found Pre-order button: text='Pre-order', aria='Pre-order'
2026-01-13 14:41:21,833 - __main__ - INFO - Cleaning up...
2026-01-13 14:41:21,833 - monitor - INFO - Monitor stopped
2026-01-13 14:41:21,834 - __main__ - INFO - Bot shut down complete
2026-01-13 14:41:21,835 - __main__ - INFO - Bot stopped by user
2026-01-13 14:41:27,911 - database - INFO - Database initialized at lego_bot.db
2026-01-13 14:41:27,911 - __main__ - INFO - Starting Discord bot...
2026-01-13 14:41:27,911 - discord.client - INFO - logging in using static token
2026-01-13 14:41:28,247 - bot - INFO - Bot setup complete
2026-01-13 14:41:28,548 - discord.gateway - INFO - Shard ID None has connected to Gateway (Session ID: 82b4cb6738e0f536d140d183847ca870).
2026-01-13 14:41:30,556 - bot - INFO - LegoBot#6975 has logged in
2026-01-13 14:41:30,859 - bot - INFO - Synced 4 command(s)
2026-01-13 14:41:30,860 - monitor - INFO - Monitor started (checking every 5.0 minutes)
2026-01-13 14:41:34,334 - lego_checker - INFO - Container: <div class="ProductActions_buttonsWrapper__u1D_5"><div class="ProductActions_addToBagButtonWrapper__mNnAs"><div data-test="add-to-bag-sticky-container"><button aria-busy="false" aria-disabled="false" aria-label="Pre-order" aria-live="polite" class="-_VRTG_button default-focus-ring -_VRTG_responsiveIconSize -_VRTG_icon-left -_VRTG_fullWidth -_VRTG_emphasis -_VRTG_primary -_VRTG_large component-large ds-label-lg-medium" data-skroll="Button" data-test="add-to-cart-skroll-cta" style="--icon:url(https://assets.lego.com/icons/v7.7.0/shopping-bag.svg)" type="button">Pre-order</button></div></div><div><button aria-busy="false" aria-disabled="false" aria-label="Add to Wishlist" aria-live="polite" class="-_VRTG_button default-focus-ring -_VRTG_responsiveIconSize -_VRTG_icon-only -_VRTG_customColor -_VRTG_primary -_VRTG_large component-large ds-label-lg-medium" data-skroll="Button" data-test="wishlist-skroll-icon-button" style="--_custom-color:var(--ds-color-action-neutral-enabled);--_text-on-custom:var(--ds-color-neutral-black);--icon:url(https://assets.lego.com/icons/v7.7.0/heart.svg)" type="button"></button></div></div>
2026-01-13 14:41:34,334 - lego_checker - INFO - Container buttons: [<button aria-busy="false" aria-disabled="false" aria-label="Pre-order" aria-live="polite" class="-_VRTG_button default-focus-ring -_VRTG_responsiveIconSize -_VRTG_icon-left -_VRTG_fullWidth -_VRTG_emphasis -_VRTG_primary -_VRTG_large component-large ds-label-lg-medium" data-skroll="Button" data-test="add-to-cart-skroll-cta" style="--icon:url(https://assets.lego.com/icons/v7.7.0/shopping-bag.svg)" type="button">Pre-order</button>, <button aria-busy="false" aria-disabled="false" aria-label="Add to Wishlist" aria-live="polite" class="-_VRTG_button default-focus-ring -_VRTG_responsiveIconSize -_VRTG_icon-only -_VRTG_customColor -_VRTG_primary -_VRTG_large component-large ds-label-lg-medium" data-skroll="Button" data-test="wishlist-skroll-icon-button" style="--_custom-color:var(--ds-color-action-neutral-enabled);--_text-on-custom:var(--ds-color-neutral-black);--icon:url(https://assets.lego.com/icons/v7.7.0/heart.svg)" type="button"></button>]
2026-01-13 14:41:34,334 - lego_checker - INFO - Container: <div class="ProductActions_addToBagButtonWrapper__mNnAs"><div data-test="add-to-bag-sticky-container"><button aria-busy="false" aria-disabled="false" aria-label="Pre-order" aria-live="polite" class="-_VRTG_button default-focus-ring -_VRTG_responsiveIconSize -_VRTG_icon-left -_VRTG_fullWidth -_VRTG_emphasis -_VRTG_primary -_VRTG_large component-large ds-label-lg-medium" data-skroll="Button" data-test="add-to-cart-skroll-cta" style="--icon:url(https://assets.lego.com/icons/v7.7.0/shopping-bag.svg)" type="button">Pre-order</button></div></div>
2026-01-13 14:41:34,334 - lego_checker - INFO - Container buttons: [<button aria-busy="false" aria-disabled="false" aria-label="Pre-order" aria-live="polite" class="-_VRTG_button default-focus-ring -_VRTG_responsiveIconSize -_VRTG_icon-left -_VRTG_fullWidth -_VRTG_emphasis -_VRTG_primary -_VRTG_large component-large ds-label-lg-medium" data-skroll="Button" data-test="add-to-cart-skroll-cta" style="--icon:url(https://assets.lego.com/icons/v7.7.0/shopping-bag.svg)" type="button">Pre-order</button>]
2026-01-13 14:41:34,334 - lego_checker - INFO - Container: <div class="ProductActions_messageWrapper__NGiCz"></div>
2026-01-13 14:41:34,334 - lego_checker - INFO - Container buttons: []
2026-01-13 14:41:34,335 - lego_checker - INFO - Container: <div class="ProductActions_productAccessoryActionsContainer__pYBSa"></div>
2026-01-13 14:41:34,335 - lego_checker - INFO - Container buttons: []
2026-01-13 14:41:34,340 - lego_checker - INFO - Total unique buttons found: 107
2026-01-13 14:41:34,340 - lego_checker - INFO - Relevant button found - aria: 'Pre-order', data-test: 'add-to-cart-skroll-cta', text: 'Pre-order'
2026-01-13 14:41:34,340 - lego_checker - INFO - Relevant button found - aria: 'Pre-order', data-test: 'add-to-cart-skroll-cta', text: 'Pre-order'
2026-01-13 14:41:34,341 - lego_checker - INFO - Found Pre-order button: text='Pre-order', aria='Pre-order'
2026-01-13 14:41:34,341 - lego_checker - INFO - Returning pre-order result: {'available': False, 'status': 'pre_order', 'message': 'Pre-Order - Ships from February 27, 2026', 'button_detected': 'Pre-order'}
2026-01-13 14:41:48,727 - lego_checker - INFO - Container: <div class="ProductActions_buttonsWrapper__u1D_5"><div><button aria-busy="false" aria-disabled="false" aria-label="Add to Wishlist" aria-live="polite" class="-_VRTG_button default-focus-ring -_VRTG_responsiveIconSize -_VRTG_icon-only -_VRTG_customColor -_VRTG_primary -_VRTG_large component-large ds-label-lg-medium" data-skroll="Button" data-test="wishlist-skroll-icon-button" style="--_custom-color:var(--ds-color-action-neutral-enabled);--_text-on-custom:var(--ds-color-neutral-black);--icon:url(https://assets.lego.com/icons/v7.7.0/heart.svg)" type="button"></button></div></div>
2026-01-13 14:41:48,728 - lego_checker - INFO - Container buttons: [<button aria-busy="false" aria-disabled="false" aria-label="Add to Wishlist" aria-live="polite" class="-_VRTG_button default-focus-ring -_VRTG_responsiveIconSize -_VRTG_icon-only -_VRTG_customColor -_VRTG_primary -_VRTG_large component-large ds-label-lg-medium" data-skroll="Button" data-test="wishlist-skroll-icon-button" style="--_custom-color:var(--ds-color-action-neutral-enabled);--_text-on-custom:var(--ds-color-neutral-black);--icon:url(https://assets.lego.com/icons/v7.7.0/heart.svg)" type="button"></button>]
2026-01-13 14:41:48,728 - lego_checker - INFO - Container: <div class="ProductActions_messageWrapper__NGiCz"></div>
2026-01-13 14:41:48,728 - lego_checker - INFO - Container buttons: []
2026-01-13 14:41:48,728 - lego_checker - INFO - Container: <div class="ProductActions_productAccessoryActionsContainer__pYBSa"></div>
2026-01-13 14:41:48,728 - lego_checker - INFO - Container buttons: []
2026-01-13 14:41:48,736 - lego_checker - INFO - Total unique buttons found: 118
2026-01-13 14:41:48,736 - lego_checker - INFO - Relevant button found - aria: 'Coming Soon', data-test: 'add-to-cart-skroll-cta', text: 'Coming Soon'
2026-01-13 14:42:42,402 - lego_checker - INFO - Container: <div class="ProductActions_buttonsWrapper__u1D_5"><div><button aria-busy="false" aria-disabled="false" aria-label="Add to Wishlist" aria-live="polite" class="-_VRTG_button default-focus-ring -_VRTG_responsiveIconSize -_VRTG_icon-only -_VRTG_customColor -_VRTG_primary -_VRTG_large component-large ds-label-lg-medium" data-skroll="Button" data-test="wishlist-skroll-icon-button" style="--_custom-color:var(--ds-color-action-neutral-enabled);--_text-on-custom:var(--ds-color-neutral-black);--icon:url(https://assets.lego.com/icons/v7.7.0/heart.svg)" type="button"></button></div></div>
2026-01-13 14:42:42,402 - lego_checker - INFO - Container buttons: [<button aria-busy="false" aria-disabled="false" aria-label="Add to Wishlist" aria-live="polite" class="-_VRTG_button default-focus-ring -_VRTG_responsiveIconSize -_VRTG_icon-only -_VRTG_customColor -_VRTG_primary -_VRTG_large component-large ds-label-lg-medium" data-skroll="Button" data-test="wishlist-skroll-icon-button" style="--_custom-color:var(--ds-color-action-neutral-enabled);--_text-on-custom:var(--ds-color-neutral-black);--icon:url(https://assets.lego.com/icons/v7.7.0/heart.svg)" type="button"></button>]
2026-01-13 14:42:42,402 - lego_checker - INFO - Container: <div class="ProductActions_messageWrapper__NGiCz"></div>
2026-01-13 14:42:42,402 - lego_checker - INFO - Container buttons: []
2026-01-13 14:42:42,402 - lego_checker - INFO - Container: <div class="ProductActions_productAccessoryActionsContainer__pYBSa"><button aria-haspopup="dialog" class="ProductAccessoryAction_productAccessoryActionButton__Ks0fZ" data-test="product-overview-check-stock-button" id="product-card-link-availability"><div aria-hidden="true" class="_8Wb43a_icon-wrapper _8Wb43a_size-large" data-skroll="Icon" role="none" style="background-color:var(--ds-color-core-black);mask:url(https://assets.lego.com/icons/v7.7.0/location-dot.svg) no-repeat"></div><span class="ds-body-sm-medium ProductAccessoryAction_productAccessoryActionTitle__dMp2q">Check Store Stock</span><div aria-hidden="true" class="_8Wb43a_icon-wrapper _8Wb43a_size-large" data-skroll="Icon" role="none" style="background-color:var(--ds-color-neutral-gray-900);mask:url(https://assets.lego.com/icons/v7.7.0/chevron-right.svg) no-repeat"></div></button></div>
2026-01-13 14:42:42,404 - lego_checker - INFO - Container buttons: [<button aria-haspopup="dialog" class="ProductAccessoryAction_productAccessoryActionButton__Ks0fZ" data-test="product-overview-check-stock-button" id="product-card-link-availability"><div aria-hidden="true" class="_8Wb43a_icon-wrapper _8Wb43a_size-large" data-skroll="Icon" role="none" style="background-color:var(--ds-color-core-black);mask:url(https://assets.lego.com/icons/v7.7.0/location-dot.svg) no-repeat"></div><span class="ds-body-sm-medium ProductAccessoryAction_productAccessoryActionTitle__dMp2q">Check Store Stock</span><div aria-hidden="true" class="_8Wb43a_icon-wrapper _8Wb43a_size-large" data-skroll="Icon" role="none" style="background-color:var(--ds-color-neutral-gray-900);mask:url(https://assets.lego.com/icons/v7.7.0/chevron-right.svg) no-repeat"></div></button>]
2026-01-13 14:42:42,410 - lego_checker - INFO - Total unique buttons found: 111
2026-01-13 14:42:42,410 - lego_checker - INFO - Relevant button found - aria: 'Add to Bag', data-test: 'add-to-cart-skroll-cta', text: 'Add to Bag'
2026-01-13 14:46:12,001 - __main__ - INFO - Cleaning up...
2026-01-13 14:46:12,001 - monitor - INFO - Monitor stopped
2026-01-13 14:46:12,002 - __main__ - INFO - Bot shut down complete
2026-01-13 14:46:12,002 - __main__ - INFO - Bot stopped by user
2026-01-13 14:46:15,074 - database - INFO - Database initialized at lego_bot.db
2026-01-13 14:46:15,074 - __main__ - INFO - Starting Discord bot...
2026-01-13 14:46:15,075 - discord.client - INFO - logging in using static token
2026-01-13 14:46:15,429 - bot - INFO - Bot setup complete
2026-01-13 14:46:15,809 - discord.gateway - INFO - Shard ID None has connected to Gateway (Session ID: 26b5b25f68e44de9a24a5f55b15a98d3).
2026-01-13 14:46:17,850 - bot - INFO - LegoBot#6975 has logged in
2026-01-13 14:46:19,350 - bot - INFO - Synced 4 command(s)
2026-01-13 14:46:19,351 - monitor - INFO - Monitor started (checking every 5.0 minutes)
2026-01-13 14:49:31,384 - __main__ - INFO - Cleaning up...
2026-01-13 14:49:31,384 - monitor - INFO - Monitor stopped
2026-01-13 14:49:31,385 - __main__ - INFO - Bot shut down complete
2026-01-13 14:49:31,386 - __main__ - INFO - Bot stopped by user
2026-01-13 14:49:35,815 - database - INFO - Database initialized at lego_bot.db
2026-01-13 14:49:35,815 - __main__ - INFO - Starting Discord bot...
2026-01-13 14:49:35,815 - discord.client - INFO - logging in using static token
2026-01-13 14:49:36,251 - bot - INFO - Bot setup complete
2026-01-13 14:49:36,594 - discord.gateway - INFO - Shard ID None has connected to Gateway (Session ID: d2a5176c49754fdb1b1f89c275f6c303).
2026-01-13 14:49:38,595 - bot - INFO - LegoBot#6975 has logged in
2026-01-13 14:49:38,918 - bot - INFO - Synced 4 command(s)
2026-01-13 14:49:38,918 - monitor - INFO - Monitor started (checking every 5.0 minutes)
2026-01-13 14:50:55,878 - __main__ - INFO - Cleaning up...
2026-01-13 14:50:55,878 - monitor - INFO - Monitor stopped
2026-01-13 14:50:55,879 - __main__ - INFO - Bot shut down complete
2026-01-13 14:50:55,880 - __main__ - INFO - Bot stopped by user
2026-01-13 14:50:59,194 - database - INFO - Database initialized at lego_bot.db
2026-01-13 14:50:59,195 - __main__ - INFO - Starting Discord bot...
2026-01-13 14:50:59,195 - discord.client - INFO - logging in using static token
2026-01-13 14:50:59,596 - bot - INFO - Bot setup complete
2026-01-13 14:51:00,009 - discord.gateway - INFO - Shard ID None has connected to Gateway (Session ID: cbe01a22737b6cba8b4e61333ed39958).
2026-01-13 14:51:02,011 - bot - INFO - LegoBot#6975 has logged in
2026-01-13 14:51:02,268 - bot - INFO - Synced 4 command(s)
2026-01-13 14:51:02,268 - monitor - INFO - Monitor started (checking every 5.0 minutes)
2026-01-13 14:56:01,491 - __main__ - INFO - Cleaning up...
2026-01-13 14:56:01,491 - monitor - INFO - Monitor stopped
2026-01-13 14:56:01,492 - __main__ - INFO - Bot shut down complete
2026-01-13 14:56:01,492 - __main__ - INFO - Bot stopped by user
2026-01-13 14:56:05,083 - database - INFO - Database initialized at lego_bot.db
2026-01-13 14:56:05,083 - __main__ - INFO - Starting Discord bot...
2026-01-13 14:56:05,083 - discord.client - INFO - logging in using static token
2026-01-13 14:56:05,444 - bot - INFO - Bot setup complete
2026-01-13 14:56:05,903 - discord.gateway - INFO - Shard ID None has connected to Gateway (Session ID: 7f0dce9205d60fe20643409e53d5a8ea).
2026-01-13 14:56:07,904 - bot - INFO - LegoBot#6975 has logged in
2026-01-13 14:56:08,196 - bot - INFO - Synced 4 command(s)
2026-01-13 14:56:08,196 - monitor - INFO - Monitor started (checking every 5.0 minutes)
2026-01-13 14:59:04,972 - __main__ - INFO - Cleaning up...
2026-01-13 14:59:04,972 - monitor - INFO - Monitor stopped
2026-01-13 14:59:04,973 - __main__ - INFO - Bot shut down complete
2026-01-13 14:59:04,973 - __main__ - INFO - Bot stopped by user
2026-01-13 14:59:09,849 - database - INFO - Database initialized at lego_bot.db
2026-01-13 14:59:09,850 - __main__ - INFO - Starting Discord bot...
2026-01-13 14:59:09,850 - discord.client - INFO - logging in using static token
2026-01-13 14:59:10,180 - bot - INFO - Bot setup complete
2026-01-13 14:59:10,484 - discord.gateway - INFO - Shard ID None has connected to Gateway (Session ID: cf8df6d50b09599b1279620366520e79).
2026-01-13 14:59:12,486 - bot - INFO - LegoBot#6975 has logged in
2026-01-13 14:59:14,386 - bot - INFO - Synced 4 command(s)
2026-01-13 14:59:14,386 - monitor - INFO - Monitor started (checking every 5.0 minutes)
2026-01-13 15:03:07,422 - __main__ - INFO - Cleaning up...
2026-01-13 15:03:07,423 - monitor - INFO - Monitor stopped
2026-01-13 15:03:07,424 - __main__ - INFO - Bot shut down complete
2026-01-13 15:03:07,424 - __main__ - INFO - Bot stopped by user
2026-01-13 15:03:11,135 - database - INFO - Database initialized at lego_bot.db
2026-01-13 15:03:11,135 - __main__ - INFO - Starting Discord bot...
2026-01-13 15:03:11,135 - discord.client - INFO - logging in using static token
2026-01-13 15:03:11,634 - bot - INFO - Bot setup complete
2026-01-13 15:03:12,054 - discord.gateway - INFO - Shard ID None has connected to Gateway (Session ID: 1374e6b44e2de73ad914514b00912da8).
2026-01-13 15:03:14,062 - bot - INFO - LegoBot#6975 has logged in
2026-01-13 15:03:14,283 - bot - INFO - Synced 4 command(s)
2026-01-13 15:03:14,283 - monitor - INFO - Monitor started (checking every 5.0 minutes)
2026-01-13 15:04:52,435 - __main__ - INFO - Cleaning up...
2026-01-13 15:04:52,435 - monitor - INFO - Monitor stopped
2026-01-13 15:04:52,436 - __main__ - INFO - Bot shut down complete
2026-01-13 15:04:52,436 - __main__ - INFO - Bot stopped by user
2026-01-13 15:04:54,670 - database - INFO - Database initialized at lego_bot.db
2026-01-13 15:04:54,670 - __main__ - INFO - Starting Discord bot...
2026-01-13 15:04:54,670 - discord.client - INFO - logging in using static token
2026-01-13 15:04:55,211 - bot - INFO - Bot setup complete
2026-01-13 15:04:55,668 - discord.gateway - INFO - Shard ID None has connected to Gateway (Session ID: e31a9a1cf5f67455de68c1f92012865e).
2026-01-13 15:04:57,670 - bot - INFO - LegoBot#6975 has logged in
2026-01-13 15:04:57,962 - bot - INFO - Synced 4 command(s)
2026-01-13 15:04:57,962 - monitor - INFO - Monitor started (checking every 5.0 minutes)
2026-01-13 15:09:57,966 - monitor - INFO - Checking 1 watched set(s)...
2026-01-13 15:14:58,181 - monitor - INFO - Checking 1 watched set(s)...
2026-01-13 15:17:51,930 - discord.gateway - INFO - Shard ID None has successfully RESUMED session e31a9a1cf5f67455de68c1f92012865e.
2026-01-13 15:19:53,780 - __main__ - INFO - Cleaning up...
2026-01-13 15:19:53,780 - monitor - INFO - Monitor stopped
2026-01-13 15:19:53,780 - __main__ - INFO - Bot shut down complete
2026-01-13 15:19:53,781 - __main__ - INFO - Bot stopped by user
2026-01-13 15:19:57,438 - database - INFO - Database initialized at lego_bot.db
2026-01-13 15:19:57,438 - __main__ - INFO - Starting Discord bot...
2026-01-13 15:19:57,439 - discord.client - INFO - logging in using static token
2026-01-13 15:19:57,856 - bot - INFO - Bot setup complete
2026-01-13 15:19:58,133 - discord.gateway - INFO - Shard ID None has connected to Gateway (Session ID: 83b97cac0dcc4e9e7f6b319bf5a8edd4).
2026-01-13 15:20:00,143 - bot - INFO - LegoBot#6975 has logged in
2026-01-13 15:20:00,359 - bot - INFO - Synced 4 command(s)
2026-01-13 15:20:00,359 - monitor - INFO - Monitor started (checking every 5.0 minutes)
2026-01-13 15:20:00,361 - database - ERROR - Error getting all watches: no such column: last_button_detected
2026-01-13 15:23:01,395 - __main__ - INFO - Cleaning up...
2026-01-13 15:23:01,395 - monitor - INFO - Monitor stopped
2026-01-13 15:23:01,396 - __main__ - INFO - Bot shut down complete
2026-01-13 15:23:01,396 - __main__ - INFO - Bot stopped by user
2026-01-13 15:23:04,721 - database - INFO - Added missing column 'last_button_detected' to existing database
2026-01-13 15:23:04,721 - database - INFO - Database initialized at lego_bot.db
2026-01-13 15:23:04,722 - __main__ - INFO - Starting Discord bot...
2026-01-13 15:23:04,722 - discord.client - INFO - logging in using static token
2026-01-13 15:23:05,190 - bot - INFO - Bot setup complete
2026-01-13 15:23:05,585 - discord.gateway - INFO - Shard ID None has connected to Gateway (Session ID: 37b71647bcf523ef3ffd6f16de7e332a).
2026-01-13 15:23:07,587 - bot - INFO - LegoBot#6975 has logged in
2026-01-13 15:23:07,834 - bot - INFO - Synced 4 command(s)
2026-01-13 15:23:07,835 - monitor - INFO - Monitor started (checking every 5.0 minutes)
2026-01-13 15:23:07,837 - monitor - INFO - Checking 1 watched set(s)...
2026-01-13 15:23:31,071 - __main__ - INFO - Cleaning up...
2026-01-13 15:23:31,072 - monitor - INFO - Monitor stopped
2026-01-13 15:23:31,073 - __main__ - INFO - Bot shut down complete
2026-01-13 15:23:31,073 - __main__ - INFO - Bot stopped by user
2026-01-13 15:23:35,057 - database - INFO - Database initialized at lego_bot.db
2026-01-13 15:23:35,058 - __main__ - INFO - Starting Discord bot...
2026-01-13 15:23:35,058 - discord.client - INFO - logging in using static token
2026-01-13 15:23:35,439 - bot - INFO - Bot setup complete
2026-01-13 15:23:35,717 - discord.gateway - INFO - Shard ID None has connected to Gateway (Session ID: 406979ee8b85e6cff6bf0d85139525fc).
2026-01-13 15:23:37,720 - bot - INFO - LegoBot#6975 has logged in
2026-01-13 15:23:38,042 - bot - INFO - Synced 4 command(s)
2026-01-13 15:23:38,042 - monitor - INFO - Monitor started (checking every 1.0 minutes)
2026-01-13 15:23:38,044 - monitor - INFO - Checking 1 watched set(s)...
2026-01-13 15:24:38,236 - monitor - INFO - Checking 1 watched set(s)...
2026-01-13 15:25:38,458 - monitor - INFO - Checking 1 watched set(s)...
2026-01-13 15:26:38,742 - monitor - INFO - Checking 1 watched set(s)...
2026-01-13 15:27:40,043 - monitor - INFO - Checking 1 watched set(s)...
2026-01-13 15:28:40,257 - monitor - INFO - Checking 1 watched set(s)...
2026-01-13 15:29:40,463 - monitor - INFO - Checking 1 watched set(s)...
2026-01-13 15:30:16,711 - __main__ - INFO - Cleaning up...
2026-01-13 15:30:16,712 - monitor - INFO - Monitor stopped
2026-01-13 15:30:16,712 - __main__ - INFO - Bot shut down complete
2026-01-13 15:30:16,714 - __main__ - INFO - Bot stopped by user
2026-01-13 15:35:07,077 - database - INFO - Database initialized at lego_bot.db
2026-01-13 15:35:07,077 - __main__ - INFO - Starting Discord bot...
2026-01-13 15:35:07,077 - discord.client - INFO - logging in using static token
2026-01-13 15:35:07,448 - bot - INFO - Bot setup complete
2026-01-13 15:35:07,730 - discord.gateway - INFO - Shard ID None has connected to Gateway (Session ID: cad46c008490f899457488e06b8d11e1).
2026-01-13 15:35:09,733 - bot - INFO - LegoBot#6975 has logged in
2026-01-13 15:35:10,193 - bot - INFO - Synced 6 command(s)
2026-01-13 15:35:10,193 - monitor - INFO - Monitor started (checking every 1.0 minutes)
2026-01-13 15:35:10,198 - monitor - INFO - Checking 1 watched set(s)...
2026-01-13 15:36:10,384 - monitor - INFO - Checking 1 watched set(s)...
2026-01-13 15:37:10,637 - monitor - INFO - Checking 1 watched set(s)...
2026-01-13 15:37:36,415 - __main__ - INFO - Cleaning up...
2026-01-13 15:37:36,415 - monitor - INFO - Monitor stopped
2026-01-13 15:37:36,416 - __main__ - INFO - Bot shut down complete
2026-01-13 15:37:36,416 - __main__ - INFO - Bot stopped by user
2026-01-13 15:37:44,183 - database - INFO - Database initialized at lego_bot.db
2026-01-13 15:37:44,183 - __main__ - INFO - Starting Discord bot...
2026-01-13 15:37:44,183 - discord.client - INFO - logging in using static token
2026-01-13 15:37:44,515 - bot - INFO - Bot setup complete
2026-01-13 15:37:45,345 - discord.gateway - INFO - Shard ID None has connected to Gateway (Session ID: f5ff4645a7a05589319b01bc577df7e3).
2026-01-13 15:37:47,346 - bot - INFO - LegoBot#6975 has logged in
2026-01-13 15:37:47,645 - bot - INFO - Synced 7 command(s)
2026-01-13 15:37:47,645 - monitor - INFO - Monitor started (checking every 1.0 minutes)
2026-01-13 15:37:47,648 - monitor - INFO - Checking 1 watched set(s)...
2026-01-13 15:38:47,818 - monitor - INFO - Checking 1 watched set(s)...
2026-01-13 15:39:47,986 - monitor - INFO - Checking 1 watched set(s)...
2026-01-13 15:39:49,518 - __main__ - INFO - Cleaning up...
2026-01-13 15:39:49,519 - monitor - INFO - Monitor stopped
2026-01-13 15:39:49,520 - __main__ - INFO - Bot shut down complete
2026-01-13 15:39:49,520 - __main__ - INFO - Bot stopped by user
2026-01-13 15:39:53,481 - database - INFO - Database initialized at lego_bot.db
2026-01-13 15:39:53,481 - __main__ - INFO - Starting Discord bot...
2026-01-13 15:39:53,481 - discord.client - INFO - logging in using static token
2026-01-13 15:39:53,858 - bot - INFO - Bot setup complete
2026-01-13 15:39:54,120 - discord.gateway - INFO - Shard ID None has connected to Gateway (Session ID: 14b12537533a2e136bb7022be7560864).
2026-01-13 15:39:56,125 - bot - INFO - LegoBot#6975 has logged in
2026-01-13 15:39:56,364 - bot - INFO - Synced 7 command(s) to guild The Meaning of Life (934386833473810442)
2026-01-13 15:39:56,828 - bot - INFO - Synced 7 command(s) globally
2026-01-13 15:39:56,828 - bot - INFO - Total: Synced commands to 7 guild(s)
2026-01-13 15:39:56,828 - monitor - INFO - Monitor started (checking every 1.0 minutes)
2026-01-13 15:39:56,830 - monitor - INFO - Checking 1 watched set(s)...
2026-01-13 15:40:56,993 - monitor - INFO - Checking 1 watched set(s)...
2026-01-13 15:41:57,182 - monitor - INFO - Checking 1 watched set(s)...
2026-01-13 15:42:57,403 - monitor - INFO - Checking 1 watched set(s)...
2026-01-13 15:43:02,529 - __main__ - INFO - Cleaning up...
2026-01-13 15:43:02,529 - monitor - INFO - Monitor stopped
2026-01-13 15:43:02,530 - __main__ - INFO - Bot shut down complete
2026-01-13 15:43:02,531 - __main__ - INFO - Bot stopped by user
2026-01-13 15:43:06,735 - database - INFO - Database initialized at lego_bot.db
2026-01-13 15:43:06,735 - __main__ - INFO - Starting Discord bot...
2026-01-13 15:43:06,735 - discord.client - INFO - logging in using static token
2026-01-13 15:43:07,075 - bot - INFO - Bot setup complete
2026-01-13 15:43:07,517 - discord.gateway - INFO - Shard ID None has connected to Gateway (Session ID: fcde0ea1f68d505ae5946e4c1847e50c).
2026-01-13 15:43:09,519 - bot - INFO - LegoBot#6975 has logged in
2026-01-13 15:43:09,645 - bot - INFO - Synced 7 command(s) to guild The Meaning of Life (934386833473810442)
2026-01-13 15:43:09,645 - bot - INFO - Total: Synced 7 command(s) to 1 guild(s)
2026-01-13 15:43:09,645 - monitor - INFO - Monitor started (checking every 1.0 minutes)
2026-01-13 15:43:09,647 - monitor - INFO - Checking 1 watched set(s)...
2026-01-13 15:44:09,815 - monitor - INFO - Checking 1 watched set(s)...
2026-01-13 15:44:39,871 - database - INFO - Set notification channel 1460753651457855559 for guild 934386833473810442
2026-01-13 15:45:10,011 - monitor - INFO - Checking 1 watched set(s)...
2026-01-13 15:46:10,262 - monitor - INFO - Checking 1 watched set(s)...
2026-01-13 15:47:10,504 - monitor - INFO - Checking 1 watched set(s)...
2026-01-13 15:48:10,700 - monitor - INFO - Checking 1 watched set(s)...
2026-01-13 15:49:10,892 - monitor - INFO - Checking 1 watched set(s)...
2026-01-13 15:50:11,086 - monitor - INFO - Checking 1 watched set(s)...
2026-01-13 15:51:11,332 - monitor - INFO - Checking 1 watched set(s)...
2026-01-13 15:52:11,532 - monitor - INFO - Checking 1 watched set(s)...
2026-01-13 15:53:11,798 - monitor - INFO - Checking 1 watched set(s)...
2026-01-13 15:54:12,080 - monitor - INFO - Checking 1 watched set(s)...
2026-01-13 15:55:12,433 - monitor - INFO - Checking 1 watched set(s)...
2026-01-13 15:56:12,621 - monitor - INFO - Checking 1 watched set(s)...
2026-01-13 15:57:12,823 - monitor - INFO - Checking 1 watched set(s)...
2026-01-13 15:58:13,042 - monitor - INFO - Checking 1 watched set(s)...
2026-01-13 15:59:13,244 - monitor - INFO - Checking 1 watched set(s)...
2026-01-13 16:00:13,561 - monitor - INFO - Checking 1 watched set(s)...
2026-01-13 16:01:14,530 - monitor - INFO - Checking 1 watched set(s)...
2026-01-13 16:02:14,814 - monitor - INFO - Checking 1 watched set(s)...
2026-01-13 16:03:15,304 - monitor - INFO - Checking 1 watched set(s)...
2026-01-13 16:04:15,516 - monitor - INFO - Checking 1 watched set(s)...
2026-01-13 16:05:15,877 - monitor - INFO - Checking 1 watched set(s)...
2026-01-13 16:06:16,271 - monitor - INFO - Checking 1 watched set(s)...
2026-01-13 16:07:16,542 - monitor - INFO - Checking 1 watched set(s)...
2026-01-13 16:08:16,971 - monitor - INFO - Checking 1 watched set(s)...
2026-01-13 16:09:17,242 - monitor - INFO - Checking 1 watched set(s)...
2026-01-13 16:10:17,538 - monitor - INFO - Checking 1 watched set(s)...
2026-01-13 16:11:17,778 - monitor - INFO - Checking 1 watched set(s)...
2026-01-13 16:12:18,066 - monitor - INFO - Checking 1 watched set(s)...
2026-01-13 16:13:18,335 - monitor - INFO - Checking 1 watched set(s)...
2026-01-13 16:14:18,562 - monitor - INFO - Checking 1 watched set(s)...
2026-01-13 16:15:18,849 - monitor - INFO - Checking 1 watched set(s)...
2026-01-13 16:16:19,148 - monitor - INFO - Checking 1 watched set(s)...
2026-01-13 16:17:19,366 - monitor - INFO - Checking 1 watched set(s)...
2026-01-13 16:18:31,443 - monitor - INFO - Checking 1 watched set(s)...
2026-01-13 16:19:31,691 - monitor - INFO - Checking 1 watched set(s)...
2026-01-13 16:20:31,921 - monitor - INFO - Checking 1 watched set(s)...
2026-01-13 16:21:32,182 - monitor - INFO - Checking 1 watched set(s)...
2026-01-13 16:22:32,382 - monitor - INFO - Checking 1 watched set(s)...
2026-01-13 16:23:32,586 - monitor - INFO - Checking 1 watched set(s)...
2026-01-13 16:24:32,867 - monitor - INFO - Checking 1 watched set(s)...
2026-01-13 16:25:33,223 - monitor - INFO - Checking 1 watched set(s)...
2026-01-13 16:26:33,580 - monitor - INFO - Checking 1 watched set(s)...
2026-01-13 16:27:33,801 - monitor - INFO - Checking 1 watched set(s)...
2026-01-13 16:28:34,074 - monitor - INFO - Checking 1 watched set(s)...
2026-01-13 16:29:34,335 - monitor - INFO - Checking 1 watched set(s)...
2026-01-13 16:30:34,543 - monitor - INFO - Checking 1 watched set(s)...
2026-01-13 16:31:34,901 - monitor - INFO - Checking 1 watched set(s)...
2026-01-13 16:32:35,162 - monitor - INFO - Checking 1 watched set(s)...
2026-01-13 16:33:35,430 - monitor - INFO - Checking 1 watched set(s)...
2026-01-13 16:34:35,637 - monitor - INFO - Checking 1 watched set(s)...
2026-01-13 16:35:35,887 - monitor - INFO - Checking 1 watched set(s)...
2026-01-13 16:36:36,085 - monitor - INFO - Checking 1 watched set(s)...
2026-01-13 16:37:36,320 - monitor - INFO - Checking 1 watched set(s)...
2026-01-13 16:38:36,538 - monitor - INFO - Checking 1 watched set(s)...
2026-01-13 16:39:38,048 - monitor - INFO - Checking 1 watched set(s)...
2026-01-13 16:40:38,260 - monitor - INFO - Checking 1 watched set(s)...
2026-01-13 16:41:38,485 - monitor - INFO - Checking 1 watched set(s)...
2026-01-13 16:41:40,590 - __main__ - INFO - Cleaning up...
2026-01-13 16:41:40,591 - monitor - INFO - Monitor stopped
2026-01-13 16:41:40,593 - __main__ - INFO - Bot shut down complete
2026-01-13 16:41:40,595 - __main__ - INFO - Bot stopped by user
